C:\Program Files (x86)\Microsoft Visual Studio\2017\Community\Common7\IDE\VC\VCTargets\Microsoft.CppBuild.targets(391,5): warning MSB8028: The intermediate directory (obj\x64\Debug\) contains files shared from another project (oscTest.vcxproj).  This can lead to incorrect clean and rebuild behavior.
  Star.cpp
  main.cpp
  ofApp.cpp
c:\users\alex xu\desktop\stuff\of_v0.10.1_vs2017_release\libs\openframeworks\math\ofvec3f.h : warning C4819: The file contains a character that cannot be represented in the current code page (936). Save the file in Unicode format to prevent data loss (compiling source file src\ofApp.cpp)
c:\users\alex xu\desktop\stuff\of_v0.10.1_vs2017_release\libs\openframeworks\math\ofvec2f.h : warning C4819: The file contains a character that cannot be represented in the current code page (936). Save the file in Unicode format to prevent data loss (compiling source file src\ofApp.cpp)
c:\users\alex xu\desktop\stuff\of_v0.10.1_vs2017_release\libs\openframeworks\math\ofvec3f.h : warning C4819: The file contains a character that cannot be represented in the current code page (936). Save the file in Unicode format to prevent data loss (compiling source file src\Star.cpp)
c:\users\alex xu\desktop\stuff\of_v0.10.1_vs2017_release\libs\openframeworks\math\ofvec2f.h : warning C4819: The file contains a character that cannot be represented in the current code page (936). Save the file in Unicode format to prevent data loss (compiling source file src\Star.cpp)
c:\users\alex xu\desktop\stuff\of_v0.10.1_vs2017_release\libs\openframeworks\math\ofvec3f.h : warning C4819: The file contains a character that cannot be represented in the current code page (936). Save the file in Unicode format to prevent data loss (compiling source file src\main.cpp)
c:\users\alex xu\desktop\stuff\of_v0.10.1_vs2017_release\libs\openframeworks\math\ofvec2f.h : warning C4819: The file contains a character that cannot be represented in the current code page (936). Save the file in Unicode format to prevent data loss (compiling source file src\main.cpp)
c:\users\alex xu\desktop\stuff\of_v0.10.1_vs2017_release\libs\openframeworks\math\ofmatrix4x4.h(326): warning C4267: 'argument': conversion from 'size_t' to 'int', possible loss of data (compiling source file src\ofApp.cpp)
c:\users\alex xu\desktop\stuff\of_v0.10.1_vs2017_release\libs\openframeworks\math\ofmatrix4x4.h(331): warning C4267: 'argument': conversion from 'size_t' to 'int', possible loss of data (compiling source file src\ofApp.cpp)
c:\users\alex xu\desktop\stuff\of_v0.10.1_vs2017_release\libs\openframeworks\math\ofmatrix4x4.h(912): warning C4267: 'argument': conversion from 'size_t' to 'int', possible loss of data (compiling source file src\ofApp.cpp)
c:\users\alex xu\desktop\stuff\of_v0.10.1_vs2017_release\libs\openframeworks\math\ofmatrix4x4.h(913): warning C4267: 'argument': conversion from 'size_t' to 'int', possible loss of data (compiling source file src\ofApp.cpp)
c:\users\alex xu\desktop\stuff\of_v0.10.1_vs2017_release\libs\openframeworks\math\ofmatrix4x4.h(914): warning C4267: 'argument': conversion from 'size_t' to 'int', possible loss of data (compiling source file src\ofApp.cpp)
c:\users\alex xu\desktop\stuff\of_v0.10.1_vs2017_release\libs\openframeworks\math\ofmatrix4x4.h(915): warning C4267: 'argument': conversion from 'size_t' to 'int', possible loss of data (compiling source file src\ofApp.cpp)
c:\users\alex xu\desktop\stuff\of_v0.10.1_vs2017_release\libs\openframeworks\math\ofmatrix4x4.h(326): warning C4267: 'argument': conversion from 'size_t' to 'int', possible loss of data (compiling source file src\main.cpp)
c:\users\alex xu\desktop\stuff\of_v0.10.1_vs2017_release\libs\openframeworks\math\ofmatrix4x4.h(331): warning C4267: 'argument': conversion from 'size_t' to 'int', possible loss of data (compiling source file src\main.cpp)
c:\users\alex xu\desktop\stuff\of_v0.10.1_vs2017_release\libs\openframeworks\math\ofmatrix4x4.h(912): warning C4267: 'argument': conversion from 'size_t' to 'int', possible loss of data (compiling source file src\main.cpp)
c:\users\alex xu\desktop\stuff\of_v0.10.1_vs2017_release\libs\openframeworks\math\ofmatrix4x4.h(913): warning C4267: 'argument': conversion from 'size_t' to 'int', possible loss of data (compiling source file src\main.cpp)
c:\users\alex xu\desktop\stuff\of_v0.10.1_vs2017_release\libs\openframeworks\math\ofmatrix4x4.h(914): warning C4267: 'argument': conversion from 'size_t' to 'int', possible loss of data (compiling source file src\main.cpp)
c:\users\alex xu\desktop\stuff\of_v0.10.1_vs2017_release\libs\openframeworks\math\ofmatrix4x4.h(915): warning C4267: 'argument': conversion from 'size_t' to 'int', possible loss of data (compiling source file src\main.cpp)
c:\users\alex xu\desktop\stuff\of_v0.10.1_vs2017_release\libs\openframeworks\math\ofmatrix4x4.h(326): warning C4267: 'argument': conversion from 'size_t' to 'int', possible loss of data (compiling source file src\Star.cpp)
c:\users\alex xu\desktop\stuff\of_v0.10.1_vs2017_release\libs\openframeworks\math\ofmatrix4x4.h(331): warning C4267: 'argument': conversion from 'size_t' to 'int', possible loss of data (compiling source file src\Star.cpp)
c:\users\alex xu\desktop\stuff\of_v0.10.1_vs2017_release\libs\openframeworks\math\ofmatrix4x4.h(912): warning C4267: 'argument': conversion from 'size_t' to 'int', possible loss of data (compiling source file src\Star.cpp)
c:\users\alex xu\desktop\stuff\of_v0.10.1_vs2017_release\libs\openframeworks\math\ofmatrix4x4.h(913): warning C4267: 'argument': conversion from 'size_t' to 'int', possible loss of data (compiling source file src\Star.cpp)
c:\users\alex xu\desktop\stuff\of_v0.10.1_vs2017_release\libs\openframeworks\math\ofmatrix4x4.h(914): warning C4267: 'argument': conversion from 'size_t' to 'int', possible loss of data (compiling source file src\Star.cpp)
c:\users\alex xu\desktop\stuff\of_v0.10.1_vs2017_release\libs\openframeworks\math\ofmatrix4x4.h(915): warning C4267: 'argument': conversion from 'size_t' to 'int', possible loss of data (compiling source file src\Star.cpp)
c:\users\alex xu\desktop\stuff\of_v0.10.1_vs2017_release\apps\myapps\project6\src\star.cpp(84): warning C4267: 'argument': conversion from 'size_t' to 'int', possible loss of data
c:\users\alex xu\desktop\stuff\of_v0.10.1_vs2017_release\apps\myapps\project6\src\ofapp.cpp(27): warning C4996: 'ofSoundStreamSetup': Use an ofSoundStreamSettings object instead of directly passing the parameters
  c:\users\alex xu\desktop\stuff\of_v0.10.1_vs2017_release\libs\openframeworks\sound\ofsoundstream.h(31): note: see declaration of 'ofSoundStreamSetup'
  project6.vcxproj -> C:\Users\Alex Xu\Desktop\Stuff\of_v0.10.1_vs2017_release\apps\myApps\project6\bin\project6_debug.exe
  
  	                   2	C:\Users\Alex Xu\Desktop\Stuff\of_v0.10.1_vs2017_release\libs\fmodex\lib\vs\x64\
  	  *EXTRA File 		 6942208	C:\Users\Alex Xu\Desktop\Stuff\of_v0.10.1_vs2017_release\apps\myApps\project6\bin\FreeImage.dll
  
  	                   1	C:\Users\Alex Xu\Desktop\Stuff\of_v0.10.1_vs2017_release\libs\FreeImage\lib\vs\x64\
  	  *EXTRA File 		 1503232	C:\Users\Alex Xu\Desktop\Stuff\of_v0.10.1_vs2017_release\apps\myApps\project6\bin\fmodex64.dll
  	  *EXTRA File 		 1552384	C:\Users\Alex Xu\Desktop\Stuff\of_v0.10.1_vs2017_release\apps\myApps\project6\bin\fmodexL64.dll
